HalleyWallet/build/intermediates/manifest_merge_blame_file/debug/manifest-merger-blame-debug-report.txt
1<?xml version="1.0" encoding="utf-8"?>
2<manifest xmlns:android="http://schemas.android.com/apk/res/android"
3    xmlns:tools="http://schemas.android.com/tools"
4    package="io.github.halleywallet" >
5
6    <uses-sdk android:minSdkVersion="23" />
6-->src\main\AndroidManifest.xml
7
8    <uses-permission android:name="android.permission.ACCESS_FINE_LOCATION" />
8-->src\main\AndroidManifest.xml:6:5-79
8-->src\main\AndroidManifest.xml:6:22-76
9    <uses-permission android:name="android.permission.ACCESS_COARSE_LOCATION" />
9-->src\main\AndroidManifest.xml:7:5-81
9-->src\main\AndroidManifest.xml:7:22-78
10    <uses-permission android:name="android.permission.ACCESS_NETWORK_STATE" />
10-->src\main\AndroidManifest.xml:8:5-79
10-->src\main\AndroidManifest.xml:8:22-76
11    <uses-permission android:name="android.permission.BLUETOOTH_SCAN" />
11-->src\main\AndroidManifest.xml:9:5-73
11-->src\main\AndroidManifest.xml:9:22-70
12    <uses-permission android:name="android.permission.BLUETOOTH" />
12-->src\main\AndroidManifest.xml:10:5-68
12-->src\main\AndroidManifest.xml:10:22-65
13    <uses-permission android:name="android.permission.BLUETOOTH_ADMIN" />
13-->src\main\AndroidManifest.xml:11:5-74
13-->src\main\AndroidManifest.xml:11:22-71
14    <uses-permission android:name="android.permission.BLUETOOTH_SCAN" />
14-->src\main\AndroidManifest.xml:9:5-73
14-->src\main\AndroidManifest.xml:9:22-70
15    <uses-permission android:name="android.permission.BLUETOOTH_ADVERTISE" />
15-->src\main\AndroidManifest.xml:13:5-78
15-->src\main\AndroidManifest.xml:13:22-75
16    <uses-permission android:name="android.permission.ACCESS_LOCATION_EXTRA_COMMANDS" />
16-->src\main\AndroidManifest.xml:14:5-89
16-->src\main\AndroidManifest.xml:14:22-86
17    <uses-permission android:name="android.permission.BLUETOOTH_CONNECT" />
17-->src\main\AndroidManifest.xml:15:5-76
17-->src\main\AndroidManifest.xml:15:22-73
18
19    <uses-feature
19-->src\main\AndroidManifest.xml:17:5-19:36
20        android:name="android.hardware.bluetooth"
20-->src\main\AndroidManifest.xml:18:9-50
21        android:required="false" />
21-->src\main\AndroidManifest.xml:19:9-33
22    <uses-feature
22-->src\main\AndroidManifest.xml:20:5-22:36
23        android:name="android.hardware.bluetooth_le"
23-->src\main\AndroidManifest.xml:21:9-53
24        android:required="false" />
24-->src\main\AndroidManifest.xml:22:9-33
25
26    <uses-permission android:name="android.permission.READ_EXTERNAL_STORAGE" />
26-->src\main\AndroidManifest.xml:24:5-80
26-->src\main\AndroidManifest.xml:24:22-77
27    <uses-permission android:name="android.permission.CAMERA" />
27-->src\main\AndroidManifest.xml:25:5-65
27-->src\main\AndroidManifest.xml:25:22-62
28
29    <uses-feature android:name="android.hardware.camera.autofocus" />
29-->src\main\AndroidManifest.xml:27:5-70
29-->src\main\AndroidManifest.xml:27:19-67
30    <uses-feature android:name="android.hardware.camera" />
30-->src\main\AndroidManifest.xml:28:5-60
30-->src\main\AndroidManifest.xml:28:19-57
31
32    <uses-permission android:name="android.permission.VIBRATE" />
32-->src\main\AndroidManifest.xml:30:5-66
32-->src\main\AndroidManifest.xml:30:22-63
33    <uses-permission android:name="android.permission.FLASHLIGHT" />
33-->src\main\AndroidManifest.xml:31:5-69
33-->src\main\AndroidManifest.xml:31:22-66
34    <uses-permission android:name="android.permission.WRITE_EXTERNAL_STORAGE" />
34-->src\main\AndroidManifest.xml:32:5-81
34-->src\main\AndroidManifest.xml:32:22-78
35    <uses-permission android:name="android.permission.INTERNET" />
35-->src\main\AndroidManifest.xml:33:5-67
35-->src\main\AndroidManifest.xml:33:22-64
36
37    <application
37-->src\main\AndroidManifest.xml:35:5-66:19
38        android:allowBackup="true"
38-->src\main\AndroidManifest.xml:36:9-35
39        android:dataExtractionRules="@xml/data_extraction_rules"
39-->src\main\AndroidManifest.xml:37:9-65
40        android:fullBackupContent="@xml/backup_rules"
40-->src\main\AndroidManifest.xml:38:9-54
41        android:hardwareAccelerated="true"
41-->src\main\AndroidManifest.xml:39:9-43
42        android:icon="@mipmap/ic_launcher"
42-->src\main\AndroidManifest.xml:40:9-43
43        android:label="@string/app_name"
43-->src\main\AndroidManifest.xml:41:9-41
44        android:requestLegacyExternalStorage="true"
44-->src\main\AndroidManifest.xml:42:9-52
45        android:roundIcon="@mipmap/ic_launcher_round"
45-->src\main\AndroidManifest.xml:43:9-54
46        android:supportsRtl="true"
46-->src\main\AndroidManifest.xml:44:9-35
47        android:usesCleartextTraffic="true" >
47-->src\main\AndroidManifest.xml:45:9-44
48        <activity
48-->src\main\AndroidManifest.xml:47:9-56:20
49            android:name="io.github.halleypay.presentation.activity.HalleyPayActivity"
49-->src\main\AndroidManifest.xml:48:13-87
50            android:exported="false"
50-->src\main\AndroidManifest.xml:49:13-37
51            android:theme="@style/Theme.HalleyWallet" >
51-->src\main\AndroidManifest.xml:50:13-54
52
53            <!-- <intent-filter> -->
54            <!-- <action android:name="android.intent.action.MAIN" /> -->
55
56
57            <!-- <category android:name="android.intent.category.LAUNCHER" /> -->
58            <!-- </intent-filter> -->
59        </activity>
60        <activity
60-->src\main\AndroidManifest.xml:58:9-64:20
61            android:name="io.github.halleypay.presentation.activity.BluetoothConfigActivity"
61-->src\main\AndroidManifest.xml:59:13-93
62            android:screenOrientation="portrait"
62-->src\main\AndroidManifest.xml:60:13-49
63            android:theme="@style/Theme.HalleyWallet"
63-->src\main\AndroidManifest.xml:61:13-54
64            tools:ignore="LockedOrientationActivity" >
64-->src\main\AndroidManifest.xml:62:13-53
65        </activity>
66    </application>
67
68</manifest>